time="2022-03-25T18:35:17+03:00" level=info msg="create router" func="main.main()" file="app.go, 14"
time="2022-03-25T18:35:17+03:00" level=info msg="register user handler" func="main.main()" file="app.go, 17"
time="2022-03-25T18:35:17+03:00" level=info msg="start application" func="main.start()" file="app.go, 26"
time="2022-03-25T18:35:17+03:00" level=info msg="port is listening port :1234" func="main.start()" file="app.go, 37"
time="2022-03-29T12:45:44+03:00" level=info msg="create router" func="main.main()" file="app.go, 19"
time="2022-03-29T12:45:44+03:00" level=info msg="read application configuration" func="awesomeProject4/internal/config.GetConfig.func1()" file="config.go, 25"
time="2022-03-29T12:45:44+03:00" level=info msg="register user handler" func="main.main()" file="app.go, 24"
time="2022-03-29T12:45:44+03:00" level=info msg="start application" func="main.start()" file="app.go, 33"
time="2022-03-29T12:45:44+03:00" level=info msg="Listen tcp " func="main.start()" file="app.go, 50"
time="2022-03-29T12:45:44+03:00" level=fatal msg="listen tcp: address 0.0.0.0,10000: missing port in address" func="main.start()" file="app.go, 55"
time="2022-03-29T12:47:00+03:00" level=info msg="create router" func="main.main()" file="app.go, 19"
time="2022-03-29T12:47:00+03:00" level=info msg="read application configuration" func="awesomeProject4/internal/config.GetConfig.func1()" file="config.go, 25"
time="2022-03-29T12:47:00+03:00" level=info msg="register user handler" func="main.main()" file="app.go, 24"
time="2022-03-29T12:47:00+03:00" level=info msg="start application" func="main.start()" file="app.go, 33"
time="2022-03-29T12:47:00+03:00" level=info msg="Listen tcp " func="main.start()" file="app.go, 50"
time="2022-03-29T12:47:00+03:00" level=fatal msg="listen tcp: address 0.0.0.0,10000: missing port in address" func="main.start()" file="app.go, 55"
time="2022-03-29T12:47:39+03:00" level=info msg="create router" func="main.main()" file="app.go, 19"
time="2022-03-29T12:47:39+03:00" level=info msg="read application configuration" func="awesomeProject4/internal/config.GetConfig.func1()" file="config.go, 25"
time="2022-03-29T12:47:39+03:00" level=info msg="register user handler" func="main.main()" file="app.go, 24"
time="2022-03-29T12:47:39+03:00" level=info msg="start application" func="main.start()" file="app.go, 33"
time="2022-03-29T12:47:39+03:00" level=info msg="Listen tcp " func="main.start()" file="app.go, 50"
time="2022-03-29T12:47:39+03:00" level=fatal msg="listen tcp: address 0.0.0.0,10000: missing port in address" func="main.start()" file="app.go, 55"
time="2022-03-29T13:31:51+03:00" level=info msg="create router" func="main.main()" file="app.go, 19"
time="2022-03-29T13:31:51+03:00" level=info msg="read application configuration" func="awesomeProject4/internal/config.GetConfig.func1()" file="config.go, 25"
time="2022-03-29T13:31:51+03:00" level=info msg="register user handler" func="main.main()" file="app.go, 24"
time="2022-03-29T13:31:51+03:00" level=info msg="start application" func="main.start()" file="app.go, 33"
time="2022-03-29T13:31:51+03:00" level=info msg="Listen tcp " func="main.start()" file="app.go, 50"
time="2022-03-29T13:31:51+03:00" level=fatal msg="listen tcp: address 0.0.0.0,10000: missing port in address" func="main.start()" file="app.go, 55"
time="2022-03-29T13:34:12+03:00" level=info msg="create router" func="main.main()" file="app.go, 19"
time="2022-03-29T13:34:12+03:00" level=info msg="read application configuration" func="awesomeProject4/internal/config.GetConfig.func1()" file="config.go, 25"
time="2022-03-29T13:34:12+03:00" level=info msg="register user handler" func="main.main()" file="app.go, 24"
time="2022-03-29T13:34:12+03:00" level=info msg="start application" func="main.start()" file="app.go, 33"
time="2022-03-29T13:34:12+03:00" level=info msg="Listen tcp " func="main.start()" file="app.go, 50"
time="2022-03-29T13:34:12+03:00" level=fatal msg="listen tcp: address 0.0.0.0,10000: missing port in address" func="main.start()" file="app.go, 55"
time="2022-03-29T13:35:18+03:00" level=info msg="create router" func="main.main()" file="app.go, 19"
time="2022-03-29T13:35:18+03:00" level=info msg="read application configuration" func="awesomeProject4/internal/config.GetConfig.func1()" file="config.go, 25"
time="2022-03-29T13:35:18+03:00" level=info msg="register user handler" func="main.main()" file="app.go, 24"
time="2022-03-29T13:35:18+03:00" level=info msg="start application" func="main.start()" file="app.go, 33"
time="2022-03-29T13:35:18+03:00" level=info msg="Listen tcp " func="main.start()" file="app.go, 50"
time="2022-03-29T13:35:18+03:00" level=fatal msg="listen tcp: address 0.0.0.0,10000: missing port in address" func="main.start()" file="app.go, 55"
time="2022-03-29T13:39:58+03:00" level=info msg="create router" func="main.main()" file="app.go, 19"
time="2022-03-29T13:39:58+03:00" level=info msg="read application configuration" func="awesomeProject4/internal/config.GetConfig.func1()" file="config.go, 25"
time="2022-03-29T13:39:58+03:00" level=info msg="register user handler" func="main.main()" file="app.go, 24"
time="2022-03-29T13:39:58+03:00" level=info msg="start application" func="main.start()" file="app.go, 33"
time="2022-03-29T13:39:58+03:00" level=info msg="Listen tcp " func="main.start()" file="app.go, 50"
time="2022-03-29T13:39:58+03:00" level=fatal msg="listen tcp: address 0.0.0.0,10000: missing port in address" func="main.start()" file="app.go, 55"
time="2022-03-29T13:41:33+03:00" level=info msg="create router" func="main.main()" file="app.go, 19"
time="2022-03-29T13:41:33+03:00" level=info msg="read application configuration" func="awesomeProject4/internal/config.GetConfig.func1()" file="config.go, 25"
time="2022-03-29T13:41:33+03:00" level=info msg="register user handler" func="main.main()" file="app.go, 24"
time="2022-03-29T13:41:33+03:00" level=info msg="start application" func="main.start()" file="app.go, 33"
time="2022-03-29T13:41:33+03:00" level=info msg="Listen tcp " func="main.start()" file="app.go, 50"
time="2022-03-29T13:41:33+03:00" level=info msg="0.0.0.0:10000" func="main.start()" file="app.go, 63"
time="2022-03-30T19:09:15+03:00" level=info msg="create router" func="main.main()" file="app.go, 22"
time="2022-03-30T19:09:15+03:00" level=info msg="read application configuration" func="awesomeProject4/internal/config.GetConfig.func1()" file="config.go, 34"
